Using pre-set license
Built from '2020.2/staging' branch; Version is '2020.2.0b7 (1b1252580c64) revision 1774162'; Using compiler version '192528614'; Build Type 'Release'
OS: 'Windows 10  (10.0.0) 64bit' Language: 'en' Physical Memory: 16320 MB
BatchMode: 1, IsHumanControllingUs: 0, StartBugReporterOnCrash: 0, Is64bit: 1, IsPro: 0

 COMMAND LINE ARGUMENTS:
D:\Program Files\2020.2.0b7\Editor\Unity.exe
-adb2
-batchMode
-noUpm
-name
AssetImportWorker2
-projectPath
D:/Desktop/pp2020/PP2020
-logFile
Logs/AssetImportWorker2.log
-srvPort
51481
Successfully changed project path to: D:/Desktop/pp2020/PP2020
D:/Desktop/pp2020/PP2020
Using Asset Import Pipeline V2.
Refreshing native plugins compatible for Editor in 61.18 ms, found 1 plugins.
Preloading 0 native plugins for Editor in 0.00 ms.
Initialize engine version: 2020.2.0b7 (1b1252580c64)
[Subsystems] Discovering subsystems at path D:/Program Files/2020.2.0b7/Editor/Data/Resources/UnitySubsystems
[Subsystems] Discovering subsystems at path D:/Desktop/pp2020/PP2020/Assets
GfxDevice: creating device client; threaded=0
Direct3D:
    Version:  Direct3D 11.0 [level 11.1]
    Renderer: NVIDIA GeForce GTX 1050 Ti (ID=0x1c82)
    Vendor:   
    VRAM:     4018 MB
    Driver:   27.21.14.5148
Initialize mono
Mono path[0] = 'D:/Program Files/2020.2.0b7/Editor/Data/Managed'
Mono path[1] = 'D:/Program Files/2020.2.0b7/Editor/Data/MonoBleedingEdge/lib/mono/unityjit'
Mono config path = 'D:/Program Files/2020.2.0b7/Editor/Data/MonoBleedingEdge/etc'
Using monoOptions --debugger-agent=transport=dt_socket,embedding=1,server=y,suspend=n,address=127.0.0.1:56684
Begin MonoManager ReloadAssembly
Registering precompiled unity dll's ...
Register platform support module: D:/Program Files/2020.2.0b7/Editor/Data/PlaybackEngines/WindowsStandaloneSupport/UnityEditor.WindowsStandalone.Extensions.dll
Registered in 0.001919 seconds.
Native extension for WindowsStandalone target not found
Refreshing native plugins compatible for Editor in 56.33 ms, found 1 plugins.
Preloading 0 native plugins for Editor in 0.00 ms.
Invoked RoslynAnalysisRunner static constructor.
RoslynAnalysisRunner will not be running.
RoslynAnalysisRunner has terminated.
Mono: successfully reloaded assembly
- Completed reload, in  1.722 seconds
Platform modules already initialized, skipping
Registering precompiled user dll's ...
Registered in 0.001604 seconds.
Begin MonoManager ReloadAssembly
Symbol file LoadedFromMemory doesn't match image D:\Desktop\pp2020\PP2020\Library\PackageCache\com.unity.ext.nunit@1.0.0\net35\unity-custom\nunit.framework.dll
Native extension for WindowsStandalone target not found
Refreshing native plugins compatible for Editor in 50.13 ms, found 1 plugins.
Preloading 0 native plugins for Editor in 0.00 ms.
Invoked RoslynAnalysisRunner static constructor.
RoslynAnalysisRunner will not be running.
RoslynAnalysisRunner has terminated.
Mono: successfully reloaded assembly
- Completed reload, in  1.212 seconds
Platform modules already initialized, skipping
========================================================================
Worker process is ready to serve import requests
Launched and connected shader compiler UnityShaderCompiler.exe after 0.08 seconds
Refreshing native plugins compatible for Editor in 0.62 ms, found 1 plugins.
Preloading 0 native plugins for Editor in 0.00 ms.
Unloading 1904 Unused Serialized files (Serialized files now loaded: 0)
System memory in use before: 93.3 MB.
System memory in use after: 93.4 MB.

Unloading 19 unused Assets to reduce memory usage. Loaded Objects now: 2353.
Total: 3.245200 ms (FindLiveObjects: 0.731700 ms CreateObjectMapping: 0.217500 ms MarkObjects: 2.226500 ms  DeleteObjects: 0.067400 ms)

========================================================================
Received Import Request.
  path: Assets/Scripts/UI/FadingText/TextFade.cs
  artifactKey: Guid(6cc5aef7058edbc49ad0d974ef97e9fa) Importer(815301076,1909f56bfc062723c751e8b465ee728b)
Start importing Assets/Scripts/UI/FadingText/TextFade.cs using Guid(6cc5aef7058edbc49ad0d974ef97e9fa) Importer(815301076,1909f56bfc062723c751e8b465ee728b)  -> (artifact id: '6b428b76f8aabfea0ce0036e233c75d1') in 0.038944 seconds
  Import took 0.043591 seconds .

========================================================================
Received Import Request.
  Time since last request: 0.000232 seconds.
  path: Assets/Scripts/UI/FadingText/TextFadeController.cs
  artifactKey: Guid(f2d25fbb13493ff49956210eb03301bf) Importer(815301076,1909f56bfc062723c751e8b465ee728b)
Start importing Assets/Scripts/UI/FadingText/TextFadeController.cs using Guid(f2d25fbb13493ff49956210eb03301bf) Importer(815301076,1909f56bfc062723c751e8b465ee728b)  -> (artifact id: '668ced8a7d030f98e469dd6cadd32f13') in 0.023431 seconds
  Import took 0.027848 seconds .

========================================================================
Received Import Request.
  Time since last request: 0.000406 seconds.
  path: Assets/Scripts/UI/FadingText/TextFadeController.cs
  artifactKey: Guid(f2d25fbb13493ff49956210eb03301bf) Importer(815301076,1909f56bfc062723c751e8b465ee728b)
Start importing Assets/Scripts/UI/FadingText/TextFadeController.cs using Guid(f2d25fbb13493ff49956210eb03301bf) Importer(815301076,1909f56bfc062723c751e8b465ee728b)  -> (artifact id: '668ced8a7d030f98e469dd6cadd32f13') in 0.003717 seconds
  Import took 0.008566 seconds .

========================================================================
Received Import Request.
  Time since last request: 250.766508 seconds.
  path: Assets/Scenes/GameScene.unity
  artifactKey: Guid(2cda990e2423bbf4892e6590ba056729) Importer(815301076,1909f56bfc062723c751e8b465ee728b)
Start importing Assets/Scenes/GameScene.unity using Guid(2cda990e2423bbf4892e6590ba056729) Importer(815301076,1909f56bfc062723c751e8b465ee728b)  -> (artifact id: 'f8826c15b2e55461bf5a6a5c7aca1f5b') in 0.010629 seconds
  Import took 0.015173 seconds .

========================================================================
Received Import Request.
  Time since last request: 0.002607 seconds.
  path: Assets/Scenes/GameScene.unity
  artifactKey: Guid(2cda990e2423bbf4892e6590ba056729) Importer(815301076,1909f56bfc062723c751e8b465ee728b)
Start importing Assets/Scenes/GameScene.unity using Guid(2cda990e2423bbf4892e6590ba056729) Importer(815301076,1909f56bfc062723c751e8b465ee728b)  -> (artifact id: 'f8826c15b2e55461bf5a6a5c7aca1f5b') in 0.003342 seconds
  Import took 0.007581 seconds .

========================================================================
Received Import Request.
  Time since last request: 66.052471 seconds.
  path: Assets/Scenes/TutorialScene.unity
  artifactKey: Guid(74493f0fcc606f045b392fab138b74b4) Importer(815301076,1909f56bfc062723c751e8b465ee728b)
Start importing Assets/Scenes/TutorialScene.unity using Guid(74493f0fcc606f045b392fab138b74b4) Importer(815301076,1909f56bfc062723c751e8b465ee728b)  -> (artifact id: 'd75a3f3a2a4fec0418af1bcbc9a2e388') in 0.004094 seconds
  Import took 0.008895 seconds .

========================================================================
Received Import Request.
  Time since last request: 0.010069 seconds.
  path: Assets/Scenes/TutorialScene.unity
  artifactKey: Guid(74493f0fcc606f045b392fab138b74b4) Importer(815301076,1909f56bfc062723c751e8b465ee728b)
Start importing Assets/Scenes/TutorialScene.unity using Guid(74493f0fcc606f045b392fab138b74b4) Importer(815301076,1909f56bfc062723c751e8b465ee728b)  -> (artifact id: 'd75a3f3a2a4fec0418af1bcbc9a2e388') in 0.012205 seconds
  Import took 0.016870 seconds .

========================================================================
Received Import Request.
  Time since last request: 19.631601 seconds.
  path: Assets/Scenes/TutorialScene.unity
  artifactKey: Guid(74493f0fcc606f045b392fab138b74b4) Importer(815301076,1909f56bfc062723c751e8b465ee728b)
Start importing Assets/Scenes/TutorialScene.unity using Guid(74493f0fcc606f045b392fab138b74b4) Importer(815301076,1909f56bfc062723c751e8b465ee728b)  -> (artifact id: '2cb5b0e07cb069345804d8279a616acd') in 0.024948 seconds
  Import took 0.030981 seconds .

========================================================================
Received Import Request.
  Time since last request: 8.943872 seconds.
  path: Assets/Scenes/TutorialScene.unity
  artifactKey: Guid(74493f0fcc606f045b392fab138b74b4) Importer(815301076,1909f56bfc062723c751e8b465ee728b)
Start importing Assets/Scenes/TutorialScene.unity using Guid(74493f0fcc606f045b392fab138b74b4) Importer(815301076,1909f56bfc062723c751e8b465ee728b)  -> (artifact id: '053eb656cc142f695b8e915923efb157') in 0.003471 seconds
  Import took 0.010238 seconds .

========================================================================
Received Import Request.
  Time since last request: 4.813925 seconds.
  path: Assets/Scripts/UI/FadingText
  artifactKey: Guid(c6507887898bb384aa444c7722a722f6) Importer(815301076,1909f56bfc062723c751e8b465ee728b)
Start importing Assets/Scripts/UI/FadingText using Guid(c6507887898bb384aa444c7722a722f6) Importer(815301076,1909f56bfc062723c751e8b465ee728b)  -> (artifact id: '5a753cfbb7aeaa62256f8765c7db88c4') in 0.003973 seconds
  Import took 0.008656 seconds .

========================================================================
Received Import Request.
  Time since last request: 0.000349 seconds.
  path: Assets/Scripts/UI/FadeToBlack.cs
  artifactKey: Guid(d638f73bfe61b5a448003d305582c86f) Importer(815301076,1909f56bfc062723c751e8b465ee728b)
Start importing Assets/Scripts/UI/FadeToBlack.cs using Guid(d638f73bfe61b5a448003d305582c86f) Importer(815301076,1909f56bfc062723c751e8b465ee728b)  -> (artifact id: '8d9321af5dd0e07aa40d8347b3b77261') in 0.003461 seconds
  Import took 0.008092 seconds .

========================================================================
Received Prepare
Reloading mono domain
Begin MonoManager ReloadAssembly
Registering precompiled unity dll's ...
Register platform support module: D:/Program Files/2020.2.0b7/Editor/Data/PlaybackEngines/WindowsStandaloneSupport/UnityEditor.WindowsStandalone.Extensions.dll
Registered in 0.001545 seconds.
Symbol file LoadedFromMemory doesn't match image D:\Desktop\pp2020\PP2020\Library\PackageCache\com.unity.ext.nunit@1.0.0\net35\unity-custom\nunit.framework.dll
Native extension for WindowsStandalone target not found
Refreshing native plugins compatible for Editor in 50.44 ms, found 1 plugins.
Preloading 0 native plugins for Editor in 0.00 ms.
Invoked RoslynAnalysisRunner static constructor.
RoslynAnalysisRunner will not be running.
RoslynAnalysisRunner has terminated.
Mono: successfully reloaded assembly
- Completed reload, in  1.175 seconds
Platform modules already initialized, skipping
Registering precompiled user dll's ...
Registered in 0.001458 seconds.
Begin MonoManager ReloadAssembly
Symbol file LoadedFromMemory doesn't match image D:\Desktop\pp2020\PP2020\Library\PackageCache\com.unity.ext.nunit@1.0.0\net35\unity-custom\nunit.framework.dll
Native extension for WindowsStandalone target not found
Refreshing native plugins compatible for Editor in 0.43 ms, found 1 plugins.
Preloading 0 native plugins for Editor in 0.00 ms.
Invoked RoslynAnalysisRunner static constructor.
RoslynAnalysisRunner will not be running.
RoslynAnalysisRunner has terminated.
Mono: successfully reloaded assembly
- Completed reload, in  1.200 seconds
Platform modules already initialized, skipping
Refreshing native plugins compatible for Editor in 0.45 ms, found 1 plugins.
Preloading 0 native plugins for Editor in 0.00 ms.
Unloading 10 Unused Serialized files (Serialized files now loaded: 0)
System memory in use before: 54.7 MB.
System memory in use after: 54.8 MB.

Unloading 8 unused Assets to reduce memory usage. Loaded Objects now: 2357.
Total: 2.417000 ms (FindLiveObjects: 0.410100 ms CreateObjectMapping: 0.060400 ms MarkObjects: 1.926100 ms  DeleteObjects: 0.019400 ms)

========================================================================
Received Import Request.
  Time since last request: 939.230721 seconds.
  path: Assets/Scripts/UI/FadingText/TextFade.cs
  artifactKey: Guid(6cc5aef7058edbc49ad0d974ef97e9fa) Importer(815301076,1909f56bfc062723c751e8b465ee728b)
Start importing Assets/Scripts/UI/FadingText/TextFade.cs using Guid(6cc5aef7058edbc49ad0d974ef97e9fa) Importer(815301076,1909f56bfc062723c751e8b465ee728b)  -> (artifact id: '9bd0b4e92b63abd9035dea8b2b224abf') in 0.004464 seconds
  Import took 0.008879 seconds .

========================================================================
Received Import Request.
  Time since last request: 0.000305 seconds.
  path: Assets/Scripts/UI/FadingText/TextFadeController.cs
  artifactKey: Guid(f2d25fbb13493ff49956210eb03301bf) Importer(815301076,1909f56bfc062723c751e8b465ee728b)
Start importing Assets/Scripts/UI/FadingText/TextFadeController.cs using Guid(f2d25fbb13493ff49956210eb03301bf) Importer(815301076,1909f56bfc062723c751e8b465ee728b)  -> (artifact id: 'af7eda4601025d57c67a02e8796cbdcd') in 0.004044 seconds
  Import took 0.008941 seconds .

========================================================================
Received Prepare
Reloading mono domain
Begin MonoManager ReloadAssembly
Registering precompiled unity dll's ...
Register platform support module: D:/Program Files/2020.2.0b7/Editor/Data/PlaybackEngines/WindowsStandaloneSupport/UnityEditor.WindowsStandalone.Extensions.dll
Registered in 0.001505 seconds.
Symbol file LoadedFromMemory doesn't match image D:\Desktop\pp2020\PP2020\Library\PackageCache\com.unity.ext.nunit@1.0.0\net35\unity-custom\nunit.framework.dll
Native extension for WindowsStandalone target not found
Refreshing native plugins compatible for Editor in 50.28 ms, found 1 plugins.
Preloading 0 native plugins for Editor in 0.00 ms.
Invoked RoslynAnalysisRunner static constructor.
RoslynAnalysisRunner will not be running.
RoslynAnalysisRunner has terminated.
Mono: successfully reloaded assembly
- Completed reload, in  1.242 seconds
Platform modules already initialized, skipping
Registering precompiled user dll's ...
Registered in 0.001237 seconds.
Begin MonoManager ReloadAssembly
Symbol file LoadedFromMemory doesn't match image D:\Desktop\pp2020\PP2020\Library\PackageCache\com.unity.ext.nunit@1.0.0\net35\unity-custom\nunit.framework.dll
Native extension for WindowsStandalone target not found
Refreshing native plugins compatible for Editor in 0.45 ms, found 1 plugins.
Preloading 0 native plugins for Editor in 0.00 ms.
Invoked RoslynAnalysisRunner static constructor.
RoslynAnalysisRunner will not be running.
RoslynAnalysisRunner has terminated.
Mono: successfully reloaded assembly
- Completed reload, in  1.186 seconds
Platform modules already initialized, skipping
Refreshing native plugins compatible for Editor in 0.46 ms, found 1 plugins.
Preloading 0 native plugins for Editor in 0.00 ms.
Unloading 10 Unused Serialized files (Serialized files now loaded: 0)
System memory in use before: 54.8 MB.
System memory in use after: 54.9 MB.

Unloading 8 unused Assets to reduce memory usage. Loaded Objects now: 2361.
Total: 3.392000 ms (FindLiveObjects: 0.441200 ms CreateObjectMapping: 0.072500 ms MarkObjects: 2.856100 ms  DeleteObjects: 0.020400 ms)

========================================================================
Received Prepare
Reloading mono domain
Begin MonoManager ReloadAssembly
Registering precompiled unity dll's ...
Register platform support module: D:/Program Files/2020.2.0b7/Editor/Data/PlaybackEngines/WindowsStandaloneSupport/UnityEditor.WindowsStandalone.Extensions.dll
Registered in 0.001982 seconds.
Symbol file LoadedFromMemory doesn't match image D:\Desktop\pp2020\PP2020\Library\PackageCache\com.unity.ext.nunit@1.0.0\net35\unity-custom\nunit.framework.dll
Native extension for WindowsStandalone target not found
Refreshing native plugins compatible for Editor in 51.41 ms, found 1 plugins.
Preloading 0 native plugins for Editor in 0.00 ms.
Invoked RoslynAnalysisRunner static constructor.
RoslynAnalysisRunner will not be running.
RoslynAnalysisRunner has terminated.
Mono: successfully reloaded assembly
- Completed reload, in  1.251 seconds
Platform modules already initialized, skipping
Registering precompiled user dll's ...
Registered in 0.001272 seconds.
Begin MonoManager ReloadAssembly
Symbol file LoadedFromMemory doesn't match image D:\Desktop\pp2020\PP2020\Library\PackageCache\com.unity.ext.nunit@1.0.0\net35\unity-custom\nunit.framework.dll
Native extension for WindowsStandalone target not found
Refreshing native plugins compatible for Editor in 0.46 ms, found 1 plugins.
Preloading 0 native plugins for Editor in 0.00 ms.
Invoked RoslynAnalysisRunner static constructor.
RoslynAnalysisRunner will not be running.
RoslynAnalysisRunner has terminated.
Mono: successfully reloaded assembly
- Completed reload, in  1.224 seconds
Platform modules already initialized, skipping
Refreshing native plugins compatible for Editor in 0.46 ms, found 1 plugins.
Preloading 0 native plugins for Editor in 0.00 ms.
Unloading 10 Unused Serialized files (Serialized files now loaded: 0)
System memory in use before: 55.7 MB.
System memory in use after: 55.8 MB.

Unloading 8 unused Assets to reduce memory usage. Loaded Objects now: 2365.
Total: 2.892900 ms (FindLiveObjects: 0.473900 ms CreateObjectMapping: 0.065800 ms MarkObjects: 2.328600 ms  DeleteObjects: 0.022300 ms)

========================================================================
Received Import Request.
  Time since last request: 198.584327 seconds.
  path: Assets/Scripts/UI/FadingText/TextFade.cs
  artifactKey: Guid(6cc5aef7058edbc49ad0d974ef97e9fa) Importer(815301076,1909f56bfc062723c751e8b465ee728b)
Start importing Assets/Scripts/UI/FadingText/TextFade.cs using Guid(6cc5aef7058edbc49ad0d974ef97e9fa) Importer(815301076,1909f56bfc062723c751e8b465ee728b)  -> (artifact id: '3d7892140f2fdd41a8b04832b2380ab4') in 0.004240 seconds
  Import took 0.008450 seconds .

========================================================================
Received Prepare
Reloading mono domain
Begin MonoManager ReloadAssembly
Registering precompiled unity dll's ...
Register platform support module: D:/Program Files/2020.2.0b7/Editor/Data/PlaybackEngines/WindowsStandaloneSupport/UnityEditor.WindowsStandalone.Extensions.dll
Registered in 0.001792 seconds.
Symbol file LoadedFromMemory doesn't match image D:\Desktop\pp2020\PP2020\Library\PackageCache\com.unity.ext.nunit@1.0.0\net35\unity-custom\nunit.framework.dll
Native extension for WindowsStandalone target not found
Refreshing native plugins compatible for Editor in 51.36 ms, found 1 plugins.
Preloading 0 native plugins for Editor in 0.00 ms.
Invoked RoslynAnalysisRunner static constructor.
RoslynAnalysisRunner will not be running.
RoslynAnalysisRunner has terminated.
Mono: successfully reloaded assembly
- Completed reload, in  1.325 seconds
Platform modules already initialized, skipping
Registering precompiled user dll's ...
Registered in 0.001262 seconds.
Begin MonoManager ReloadAssembly
Symbol file LoadedFromMemory doesn't match image D:\Desktop\pp2020\PP2020\Library\PackageCache\com.unity.ext.nunit@1.0.0\net35\unity-custom\nunit.framework.dll
Native extension for WindowsStandalone target not found
Refreshing native plugins compatible for Editor in 0.44 ms, found 1 plugins.
Preloading 0 native plugins for Editor in 0.00 ms.
Invoked RoslynAnalysisRunner static constructor.
RoslynAnalysisRunner will not be running.
RoslynAnalysisRunner has terminated.
Mono: successfully reloaded assembly
- Completed reload, in  1.294 seconds
Platform modules already initialized, skipping
Refreshing native plugins compatible for Editor in 0.48 ms, found 1 plugins.
Preloading 0 native plugins for Editor in 0.00 ms.
Unloading 10 Unused Serialized files (Serialized files now loaded: 0)
System memory in use before: 56.0 MB.
System memory in use after: 56.1 MB.

Unloading 8 unused Assets to reduce memory usage. Loaded Objects now: 2369.
Total: 2.817700 ms (FindLiveObjects: 0.426600 ms CreateObjectMapping: 0.066600 ms MarkObjects: 2.298000 ms  DeleteObjects: 0.025000 ms)

========================================================================
Received Import Request.
  Time since last request: 117.510895 seconds.
  path: Assets/Scripts/UI/FadingText/TextFadeController.cs
  artifactKey: Guid(f2d25fbb13493ff49956210eb03301bf) Importer(815301076,1909f56bfc062723c751e8b465ee728b)
Start importing Assets/Scripts/UI/FadingText/TextFadeController.cs using Guid(f2d25fbb13493ff49956210eb03301bf) Importer(815301076,1909f56bfc062723c751e8b465ee728b)  -> (artifact id: '4e6a5b8af9488ccb4b30aa5d05576727') in 0.004126 seconds
  Import took 0.008508 seconds .

========================================================================
Received Prepare
Reloading mono domain
Begin MonoManager ReloadAssembly
Registering precompiled unity dll's ...
Register platform support module: D:/Program Files/2020.2.0b7/Editor/Data/PlaybackEngines/WindowsStandaloneSupport/UnityEditor.WindowsStandalone.Extensions.dll
Registered in 0.001705 seconds.
Symbol file LoadedFromMemory doesn't match image D:\Desktop\pp2020\PP2020\Library\PackageCache\com.unity.ext.nunit@1.0.0\net35\unity-custom\nunit.framework.dll
Native extension for WindowsStandalone target not found
Refreshing native plugins compatible for Editor in 50.62 ms, found 1 plugins.
Preloading 0 native plugins for Editor in 0.00 ms.
Invoked RoslynAnalysisRunner static constructor.
RoslynAnalysisRunner will not be running.
RoslynAnalysisRunner has terminated.
Mono: successfully reloaded assembly
- Completed reload, in  1.401 seconds
Platform modules already initialized, skipping
Registering precompiled user dll's ...
Registered in 0.001464 seconds.
Begin MonoManager ReloadAssembly
Symbol file LoadedFromMemory doesn't match image D:\Desktop\pp2020\PP2020\Library\PackageCache\com.unity.ext.nunit@1.0.0\net35\unity-custom\nunit.framework.dll
Native extension for WindowsStandalone target not found
Refreshing native plugins compatible for Editor in 0.46 ms, found 1 plugins.
Preloading 0 native plugins for Editor in 0.00 ms.
Invoked RoslynAnalysisRunner static constructor.
RoslynAnalysisRunner will not be running.
RoslynAnalysisRunner has terminated.
Mono: successfully reloaded assembly
- Completed reload, in  1.339 seconds
Platform modules already initialized, skipping
Refreshing native plugins compatible for Editor in 0.44 ms, found 1 plugins.
Preloading 0 native plugins for Editor in 0.00 ms.
Unloading 10 Unused Serialized files (Serialized files now loaded: 0)
System memory in use before: 55.9 MB.
System memory in use after: 56.1 MB.

Unloading 8 unused Assets to reduce memory usage. Loaded Objects now: 2373.
Total: 2.785100 ms (FindLiveObjects: 0.445400 ms CreateObjectMapping: 0.069200 ms MarkObjects: 2.246700 ms  DeleteObjects: 0.021700 ms)

========================================================================
Received Prepare
Reloading mono domain
Begin MonoManager ReloadAssembly
Registering precompiled unity dll's ...
Register platform support module: D:/Program Files/2020.2.0b7/Editor/Data/PlaybackEngines/WindowsStandaloneSupport/UnityEditor.WindowsStandalone.Extensions.dll
Registered in 0.001675 seconds.
Symbol file LoadedFromMemory doesn't match image D:\Desktop\pp2020\PP2020\Library\PackageCache\com.unity.ext.nunit@1.0.0\net35\unity-custom\nunit.framework.dll
Native extension for WindowsStandalone target not found
Refreshing native plugins compatible for Editor in 49.88 ms, found 1 plugins.
Preloading 0 native plugins for Editor in 0.00 ms.
Invoked RoslynAnalysisRunner static constructor.
RoslynAnalysisRunner will not be running.
RoslynAnalysisRunner has terminated.
Mono: successfully reloaded assembly
- Completed reload, in  1.434 seconds
Platform modules already initialized, skipping
Registering precompiled user dll's ...
Registered in 0.001362 seconds.
Begin MonoManager ReloadAssembly
Symbol file LoadedFromMemory doesn't match image D:\Desktop\pp2020\PP2020\Library\PackageCache\com.unity.ext.nunit@1.0.0\net35\unity-custom\nunit.framework.dll
Native extension for WindowsStandalone target not found
Refreshing native plugins compatible for Editor in 0.44 ms, found 1 plugins.
Preloading 0 native plugins for Editor in 0.00 ms.
Invoked RoslynAnalysisRunner static constructor.
RoslynAnalysisRunner will not be running.
RoslynAnalysisRunner has terminated.
Mono: successfully reloaded assembly
- Completed reload, in  1.402 seconds
Platform modules already initialized, skipping
Refreshing native plugins compatible for Editor in 0.53 ms, found 1 plugins.
Preloading 0 native plugins for Editor in 0.00 ms.
Unloading 10 Unused Serialized files (Serialized files now loaded: 0)
System memory in use before: 56.0 MB.
System memory in use after: 56.1 MB.

Unloading 8 unused Assets to reduce memory usage. Loaded Objects now: 2377.
Total: 2.552200 ms (FindLiveObjects: 0.448900 ms CreateObjectMapping: 0.058500 ms MarkObjects: 2.025500 ms  DeleteObjects: 0.018000 ms)

========================================================================
Received Prepare
Reloading mono domain
Begin MonoManager ReloadAssembly
Registering precompiled unity dll's ...
Register platform support module: D:/Program Files/2020.2.0b7/Editor/Data/PlaybackEngines/WindowsStandaloneSupport/UnityEditor.WindowsStandalone.Extensions.dll
Registered in 0.001623 seconds.
Symbol file LoadedFromMemory doesn't match image D:\Desktop\pp2020\PP2020\Library\PackageCache\com.unity.ext.nunit@1.0.0\net35\unity-custom\nunit.framework.dll
Native extension for WindowsStandalone target not found
Refreshing native plugins compatible for Editor in 51.62 ms, found 1 plugins.
Preloading 0 native plugins for Editor in 0.00 ms.
Invoked RoslynAnalysisRunner static constructor.
RoslynAnalysisRunner will not be running.
RoslynAnalysisRunner has terminated.
Mono: successfully reloaded assembly
- Completed reload, in  1.521 seconds
Platform modules already initialized, skipping
Registering precompiled user dll's ...
Registered in 0.001354 seconds.
Begin MonoManager ReloadAssembly
Symbol file LoadedFromMemory doesn't match image D:\Desktop\pp2020\PP2020\Library\PackageCache\com.unity.ext.nunit@1.0.0\net35\unity-custom\nunit.framework.dll
Native extension for WindowsStandalone target not found
Refreshing native plugins compatible for Editor in 0.46 ms, found 1 plugins.
Preloading 0 native plugins for Editor in 0.00 ms.
Invoked RoslynAnalysisRunner static constructor.
RoslynAnalysisRunner will not be running.
RoslynAnalysisRunner has terminated.
Mono: successfully reloaded assembly
- Completed reload, in  1.408 seconds
Platform modules already initialized, skipping
Refreshing native plugins compatible for Editor in 0.44 ms, found 1 plugins.
Preloading 0 native plugins for Editor in 0.00 ms.
Unloading 10 Unused Serialized files (Serialized files now loaded: 0)
System memory in use before: 56.0 MB.
System memory in use after: 56.1 MB.

Unloading 8 unused Assets to reduce memory usage. Loaded Objects now: 2381.
Total: 2.936200 ms (FindLiveObjects: 0.410900 ms CreateObjectMapping: 0.072700 ms MarkObjects: 2.428800 ms  DeleteObjects: 0.022200 ms)

========================================================================
Received Prepare
Reloading mono domain
Begin MonoManager ReloadAssembly
Registering precompiled unity dll's ...
Register platform support module: D:/Program Files/2020.2.0b7/Editor/Data/PlaybackEngines/WindowsStandaloneSupport/UnityEditor.WindowsStandalone.Extensions.dll
Registered in 0.001730 seconds.
Symbol file LoadedFromMemory doesn't match image D:\Desktop\pp2020\PP2020\Library\PackageCache\com.unity.ext.nunit@1.0.0\net35\unity-custom\nunit.framework.dll
Native extension for WindowsStandalone target not found
Refreshing native plugins compatible for Editor in 51.23 ms, found 1 plugins.
Preloading 0 native plugins for Editor in 0.00 ms.
Invoked RoslynAnalysisRunner static constructor.
RoslynAnalysisRunner will not be running.
RoslynAnalysisRunner has terminated.
Mono: successfully reloaded assembly
- Completed reload, in  2.118 seconds
Platform modules already initialized, skipping
Registering precompiled user dll's ...
Registered in 0.001450 seconds.
Begin MonoManager ReloadAssembly
Symbol file LoadedFromMemory doesn't match image D:\Desktop\pp2020\PP2020\Library\PackageCache\com.unity.ext.nunit@1.0.0\net35\unity-custom\nunit.framework.dll
Native extension for WindowsStandalone target not found
Refreshing native plugins compatible for Editor in 0.46 ms, found 1 plugins.
Preloading 0 native plugins for Editor in 0.00 ms.
Invoked RoslynAnalysisRunner static constructor.
RoslynAnalysisRunner will not be running.
RoslynAnalysisRunner has terminated.
Mono: successfully reloaded assembly
- Completed reload, in  1.452 seconds
Platform modules already initialized, skipping
Refreshing native plugins compatible for Editor in 0.43 ms, found 1 plugins.
Preloading 0 native plugins for Editor in 0.00 ms.
Unloading 10 Unused Serialized files (Serialized files now loaded: 0)
System memory in use before: 56.0 MB.
System memory in use after: 56.2 MB.

Unloading 8 unused Assets to reduce memory usage. Loaded Objects now: 2385.
Total: 2.644700 ms (FindLiveObjects: 0.412500 ms CreateObjectMapping: 0.062000 ms MarkObjects: 2.146700 ms  DeleteObjects: 0.021900 ms)

========================================================================
Received Prepare
Reloading mono domain
Begin MonoManager ReloadAssembly
Registering precompiled unity dll's ...
Register platform support module: D:/Program Files/2020.2.0b7/Editor/Data/PlaybackEngines/WindowsStandaloneSupport/UnityEditor.WindowsStandalone.Extensions.dll
Registered in 0.001538 seconds.
Symbol file LoadedFromMemory doesn't match image D:\Desktop\pp2020\PP2020\Library\PackageCache\com.unity.ext.nunit@1.0.0\net35\unity-custom\nunit.framework.dll
Native extension for WindowsStandalone target not found
Refreshing native plugins compatible for Editor in 52.93 ms, found 1 plugins.
Preloading 0 native plugins for Editor in 0.00 ms.
Invoked RoslynAnalysisRunner static constructor.
RoslynAnalysisRunner will not be running.
RoslynAnalysisRunner has terminated.
Mono: successfully reloaded assembly
- Completed reload, in  1.566 seconds
Platform modules already initialized, skipping
Registering precompiled user dll's ...
Registered in 0.001709 seconds.
Begin MonoManager ReloadAssembly
Symbol file LoadedFromMemory doesn't match image D:\Desktop\pp2020\PP2020\Library\PackageCache\com.unity.ext.nunit@1.0.0\net35\unity-custom\nunit.framework.dll
Native extension for WindowsStandalone target not found
Refreshing native plugins compatible for Editor in 0.43 ms, found 1 plugins.
Preloading 0 native plugins for Editor in 0.00 ms.
Invoked RoslynAnalysisRunner static constructor.
RoslynAnalysisRunner will not be running.
RoslynAnalysisRunner has terminated.
Mono: successfully reloaded assembly
- Completed reload, in  1.563 seconds
Platform modules already initialized, skipping
Refreshing native plugins compatible for Editor in 0.55 ms, found 1 plugins.
Preloading 0 native plugins for Editor in 0.00 ms.
Unloading 10 Unused Serialized files (Serialized files now loaded: 0)
System memory in use before: 56.0 MB.
System memory in use after: 56.1 MB.

Unloading 8 unused Assets to reduce memory usage. Loaded Objects now: 2389.
Total: 3.728400 ms (FindLiveObjects: 0.508600 ms CreateObjectMapping: 0.102200 ms MarkObjects: 3.091600 ms  DeleteObjects: 0.024600 ms)

========================================================================
Received Prepare
Reloading mono domain
Begin MonoManager ReloadAssembly
Registering precompiled unity dll's ...
Register platform support module: D:/Program Files/2020.2.0b7/Editor/Data/PlaybackEngines/WindowsStandaloneSupport/UnityEditor.WindowsStandalone.Extensions.dll
Registered in 0.001570 seconds.
Symbol file LoadedFromMemory doesn't match image D:\Desktop\pp2020\PP2020\Library\PackageCache\com.unity.ext.nunit@1.0.0\net35\unity-custom\nunit.framework.dll
Native extension for WindowsStandalone target not found
Refreshing native plugins compatible for Editor in 51.70 ms, found 1 plugins.
Preloading 0 native plugins for Editor in 0.00 ms.
Invoked RoslynAnalysisRunner static constructor.
RoslynAnalysisRunner will not be running.
RoslynAnalysisRunner has terminated.
Mono: successfully reloaded assembly
- Completed reload, in  1.708 seconds
Platform modules already initialized, skipping
Registering precompiled user dll's ...
Registered in 0.001575 seconds.
Begin MonoManager ReloadAssembly
Symbol file LoadedFromMemory doesn't match image D:\Desktop\pp2020\PP2020\Library\PackageCache\com.unity.ext.nunit@1.0.0\net35\unity-custom\nunit.framework.dll
Native extension for WindowsStandalone target not found
Refreshing native plugins compatible for Editor in 0.47 ms, found 1 plugins.
Preloading 0 native plugins for Editor in 0.00 ms.
Invoked RoslynAnalysisRunner static constructor.
RoslynAnalysisRunner will not be running.
RoslynAnalysisRunner has terminated.
Mono: successfully reloaded assembly
- Completed reload, in  1.612 seconds
Platform modules already initialized, skipping
Refreshing native plugins compatible for Editor in 0.43 ms, found 1 plugins.
Preloading 0 native plugins for Editor in 0.00 ms.
Unloading 10 Unused Serialized files (Serialized files now loaded: 0)
System memory in use before: 56.1 MB.
System memory in use after: 56.2 MB.

Unloading 8 unused Assets to reduce memory usage. Loaded Objects now: 2393.
Total: 2.596500 ms (FindLiveObjects: 0.436700 ms CreateObjectMapping: 0.061900 ms MarkObjects: 2.076300 ms  DeleteObjects: 0.020300 ms)

========================================================================
Received Import Request.
  Time since last request: 917.661228 seconds.
  path: Assets/Scripts/UI/MainMenu/MainMenuController.cs
  artifactKey: Guid(63bc6330f05ac1b4ca188144fcd4357e) Importer(815301076,1909f56bfc062723c751e8b465ee728b)
Start importing Assets/Scripts/UI/MainMenu/MainMenuController.cs using Guid(63bc6330f05ac1b4ca188144fcd4357e) Importer(815301076,1909f56bfc062723c751e8b465ee728b)  -> (artifact id: 'd23bf285bc6e9a3bf32495ec5d59ef48') in 0.004236 seconds
  Import took 0.008616 seconds .

========================================================================
Received Import Request.
  Time since last request: 0.228597 seconds.
  path: Assets/Scripts/UI/MainMenu/MainMenuController.cs
  artifactKey: Guid(63bc6330f05ac1b4ca188144fcd4357e) Importer(815301076,1909f56bfc062723c751e8b465ee728b)
Start importing Assets/Scripts/UI/MainMenu/MainMenuController.cs using Guid(63bc6330f05ac1b4ca188144fcd4357e) Importer(815301076,1909f56bfc062723c751e8b465ee728b)  -> (artifact id: 'd23bf285bc6e9a3bf32495ec5d59ef48') in 0.002978 seconds
  Import took 0.007106 seconds .

========================================================================
Received Prepare
Reloading mono domain
Begin MonoManager ReloadAssembly
Registering precompiled unity dll's ...
Register platform support module: D:/Program Files/2020.2.0b7/Editor/Data/PlaybackEngines/WindowsStandaloneSupport/UnityEditor.WindowsStandalone.Extensions.dll
Registered in 0.001635 seconds.
Symbol file LoadedFromMemory doesn't match image D:\Desktop\pp2020\PP2020\Library\PackageCache\com.unity.ext.nunit@1.0.0\net35\unity-custom\nunit.framework.dll
Native extension for WindowsStandalone target not found
Refreshing native plugins compatible for Editor in 51.09 ms, found 1 plugins.
Preloading 0 native plugins for Editor in 0.00 ms.
Invoked RoslynAnalysisRunner static constructor.
RoslynAnalysisRunner will not be running.
RoslynAnalysisRunner has terminated.
Mono: successfully reloaded assembly
- Completed reload, in  1.690 seconds
Platform modules already initialized, skipping
Registering precompiled user dll's ...
Registered in 0.001301 seconds.
Begin MonoManager ReloadAssembly
Symbol file LoadedFromMemory doesn't match image D:\Desktop\pp2020\PP2020\Library\PackageCache\com.unity.ext.nunit@1.0.0\net35\unity-custom\nunit.framework.dll
Native extension for WindowsStandalone target not found
Refreshing native plugins compatible for Editor in 0.45 ms, found 1 plugins.
Preloading 0 native plugins for Editor in 0.00 ms.
Invoked RoslynAnalysisRunner static constructor.
RoslynAnalysisRunner will not be running.
RoslynAnalysisRunner has terminated.
Mono: successfully reloaded assembly
- Completed reload, in  1.614 seconds
Platform modules already initialized, skipping
Refreshing native plugins compatible for Editor in 0.70 ms, found 1 plugins.
Preloading 0 native plugins for Editor in 0.00 ms.
Unloading 10 Unused Serialized files (Serialized files now loaded: 0)
System memory in use before: 56.0 MB.
System memory in use after: 56.1 MB.

Unloading 8 unused Assets to reduce memory usage. Loaded Objects now: 2397.
Total: 2.482900 ms (FindLiveObjects: 0.433300 ms CreateObjectMapping: 0.057500 ms MarkObjects: 1.972900 ms  DeleteObjects: 0.017600 ms)

========================================================================
Received Import Request.
  Time since last request: 242.743315 seconds.
  path: Assets/Scenes/TutorialScene.unity
  artifactKey: Guid(74493f0fcc606f045b392fab138b74b4) Importer(815301076,1909f56bfc062723c751e8b465ee728b)
Start importing Assets/Scenes/TutorialScene.unity using Guid(74493f0fcc606f045b392fab138b74b4) Importer(815301076,1909f56bfc062723c751e8b465ee728b)  -> (artifact id: '135b07ef675c0d2e1b01fabee41b177a') in 0.013492 seconds
  Import took 0.018014 seconds .

========================================================================
Received Import Request.
  Time since last request: 0.001214 seconds.
  path: Assets/Scenes/TutorialScene.unity
  artifactKey: Guid(74493f0fcc606f045b392fab138b74b4) Importer(815301076,1909f56bfc062723c751e8b465ee728b)
Start importing Assets/Scenes/TutorialScene.unity using Guid(74493f0fcc606f045b392fab138b74b4) Importer(815301076,1909f56bfc062723c751e8b465ee728b)  -> (artifact id: '135b07ef675c0d2e1b01fabee41b177a') in 0.003674 seconds
  Import took 0.008382 seconds .

========================================================================
Received Import Request.
  Time since last request: 80.069511 seconds.
  path: Assets/Scripts/UI/FadingText/TextFadeController.cs
  artifactKey: Guid(f2d25fbb13493ff49956210eb03301bf) Importer(815301076,1909f56bfc062723c751e8b465ee728b)
Start importing Assets/Scripts/UI/FadingText/TextFadeController.cs using Guid(f2d25fbb13493ff49956210eb03301bf) Importer(815301076,1909f56bfc062723c751e8b465ee728b)  -> (artifact id: '3d74fc13d76b95edbc5a0bd45d0fe567') in 0.003234 seconds
  Import took 0.007770 seconds .

========================================================================
Received Import Request.
  Time since last request: 0.000355 seconds.
  path: Assets/Scripts/UI/FadingText/TextFadeController.cs
  artifactKey: Guid(f2d25fbb13493ff49956210eb03301bf) Importer(815301076,1909f56bfc062723c751e8b465ee728b)
Start importing Assets/Scripts/UI/FadingText/TextFadeController.cs using Guid(f2d25fbb13493ff49956210eb03301bf) Importer(815301076,1909f56bfc062723c751e8b465ee728b)  -> (artifact id: '3d74fc13d76b95edbc5a0bd45d0fe567') in 0.003809 seconds
  Import took 0.008459 seconds .

========================================================================
Received Import Request.
  Time since last request: 234.531459 seconds.
  path: Assets/Scenes/EndGameScene.unity
  artifactKey: Guid(c8db808a01a14a94b86be7b05a46cd55) Importer(815301076,1909f56bfc062723c751e8b465ee728b)
Start importing Assets/Scenes/EndGameScene.unity using Guid(c8db808a01a14a94b86be7b05a46cd55) Importer(815301076,1909f56bfc062723c751e8b465ee728b)  -> (artifact id: 'eb955cd3ad32ab221125b2e52f455cc1') in 0.003324 seconds
  Import took 0.007910 seconds .

========================================================================
Received Import Request.
  Time since last request: 0.005437 seconds.
  path: Assets/Scenes/EndGameScene.unity
  artifactKey: Guid(c8db808a01a14a94b86be7b05a46cd55) Importer(815301076,1909f56bfc062723c751e8b465ee728b)
Start importing Assets/Scenes/EndGameScene.unity using Guid(c8db808a01a14a94b86be7b05a46cd55) Importer(815301076,1909f56bfc062723c751e8b465ee728b)  -> (artifact id: 'eb955cd3ad32ab221125b2e52f455cc1') in 0.003231 seconds
  Import took 0.007626 seconds .

========================================================================
Received Prepare
Reloading mono domain
Begin MonoManager ReloadAssembly
Registering precompiled unity dll's ...
Register platform support module: D:/Program Files/2020.2.0b7/Editor/Data/PlaybackEngines/WindowsStandaloneSupport/UnityEditor.WindowsStandalone.Extensions.dll
Registered in 0.001723 seconds.
Symbol file LoadedFromMemory doesn't match image D:\Desktop\pp2020\PP2020\Library\PackageCache\com.unity.ext.nunit@1.0.0\net35\unity-custom\nunit.framework.dll
Native extension for WindowsStandalone target not found
Refreshing native plugins compatible for Editor in 50.18 ms, found 1 plugins.
Preloading 0 native plugins for Editor in 0.00 ms.
Invoked RoslynAnalysisRunner static constructor.
RoslynAnalysisRunner will not be running.
RoslynAnalysisRunner has terminated.
Mono: successfully reloaded assembly
- Completed reload, in  1.782 seconds
Platform modules already initialized, skipping
Registering precompiled user dll's ...
Registered in 0.001247 seconds.
Begin MonoManager ReloadAssembly
Symbol file LoadedFromMemory doesn't match image D:\Desktop\pp2020\PP2020\Library\PackageCache\com.unity.ext.nunit@1.0.0\net35\unity-custom\nunit.framework.dll
Native extension for WindowsStandalone target not found
Refreshing native plugins compatible for Editor in 0.45 ms, found 1 plugins.
Preloading 0 native plugins for Editor in 0.00 ms.
Invoked RoslynAnalysisRunner static constructor.
RoslynAnalysisRunner will not be running.
RoslynAnalysisRunner has terminated.
Mono: successfully reloaded assembly
- Completed reload, in  1.660 seconds
Platform modules already initialized, skipping
Refreshing native plugins compatible for Editor in 0.45 ms, found 1 plugins.
Preloading 0 native plugins for Editor in 0.00 ms.
Unloading 10 Unused Serialized files (Serialized files now loaded: 0)
System memory in use before: 56.1 MB.
System memory in use after: 56.2 MB.

Unloading 8 unused Assets to reduce memory usage. Loaded Objects now: 2401.
Total: 2.433700 ms (FindLiveObjects: 0.422000 ms CreateObjectMapping: 0.062400 ms MarkObjects: 1.930500 ms  DeleteObjects: 0.017700 ms)

========================================================================
Received Prepare
Reloading mono domain
Begin MonoManager ReloadAssembly
Registering precompiled unity dll's ...
Register platform support module: D:/Program Files/2020.2.0b7/Editor/Data/PlaybackEngines/WindowsStandaloneSupport/UnityEditor.WindowsStandalone.Extensions.dll
Registered in 0.001683 seconds.
Symbol file LoadedFromMemory doesn't match image D:\Desktop\pp2020\PP2020\Library\PackageCache\com.unity.ext.nunit@1.0.0\net35\unity-custom\nunit.framework.dll
Native extension for WindowsStandalone target not found
Refreshing native plugins compatible for Editor in 52.05 ms, found 1 plugins.
Preloading 0 native plugins for Editor in 0.00 ms.
Invoked RoslynAnalysisRunner static constructor.
RoslynAnalysisRunner will not be running.
RoslynAnalysisRunner has terminated.
Mono: successfully reloaded assembly
- Completed reload, in  1.844 seconds
Platform modules already initialized, skipping
Registering precompiled user dll's ...
Registered in 0.001220 seconds.
Begin MonoManager ReloadAssembly
Symbol file LoadedFromMemory doesn't match image D:\Desktop\pp2020\PP2020\Library\PackageCache\com.unity.ext.nunit@1.0.0\net35\unity-custom\nunit.framework.dll
Native extension for WindowsStandalone target not found
Refreshing native plugins compatible for Editor in 0.46 ms, found 1 plugins.
Preloading 0 native plugins for Editor in 0.00 ms.
Invoked RoslynAnalysisRunner static constructor.
RoslynAnalysisRunner will not be running.
RoslynAnalysisRunner has terminated.
Mono: successfully reloaded assembly
- Completed reload, in  1.740 seconds
Platform modules already initialized, skipping
Refreshing native plugins compatible for Editor in 0.43 ms, found 1 plugins.
Preloading 0 native plugins for Editor in 0.00 ms.
Unloading 10 Unused Serialized files (Serialized files now loaded: 0)
System memory in use before: 56.0 MB.
System memory in use after: 56.1 MB.

Unloading 8 unused Assets to reduce memory usage. Loaded Objects now: 2405.
Total: 2.506900 ms (FindLiveObjects: 0.435900 ms CreateObjectMapping: 0.060200 ms MarkObjects: 1.992200 ms  DeleteObjects: 0.017200 ms)

========================================================================
Received Prepare
Reloading mono domain
Begin MonoManager ReloadAssembly
Registering precompiled unity dll's ...
Register platform support module: D:/Program Files/2020.2.0b7/Editor/Data/PlaybackEngines/WindowsStandaloneSupport/UnityEditor.WindowsStandalone.Extensions.dll
Registered in 0.001589 seconds.
Symbol file LoadedFromMemory doesn't match image D:\Desktop\pp2020\PP2020\Library\PackageCache\com.unity.ext.nunit@1.0.0\net35\unity-custom\nunit.framework.dll
Native extension for WindowsStandalone target not found
Refreshing native plugins compatible for Editor in 49.83 ms, found 1 plugins.
Preloading 0 native plugins for Editor in 0.00 ms.
Invoked RoslynAnalysisRunner static constructor.
RoslynAnalysisRunner will not be running.
RoslynAnalysisRunner has terminated.
Mono: successfully reloaded assembly
- Completed reload, in  1.877 seconds
Platform modules already initialized, skipping
Registering precompiled user dll's ...
Registered in 0.001283 seconds.
Begin MonoManager ReloadAssembly
Symbol file LoadedFromMemory doesn't match image D:\Desktop\pp2020\PP2020\Library\PackageCache\com.unity.ext.nunit@1.0.0\net35\unity-custom\nunit.framework.dll
Native extension for WindowsStandalone target not found
Refreshing native plugins compatible for Editor in 0.43 ms, found 1 plugins.
Preloading 0 native plugins for Editor in 0.00 ms.
Invoked RoslynAnalysisRunner static constructor.
RoslynAnalysisRunner will not be running.
RoslynAnalysisRunner has terminated.
Mono: successfully reloaded assembly
- Completed reload, in  1.795 seconds
Platform modules already initialized, skipping
Refreshing native plugins compatible for Editor in 0.46 ms, found 1 plugins.
Preloading 0 native plugins for Editor in 0.00 ms.
Unloading 10 Unused Serialized files (Serialized files now loaded: 0)
System memory in use before: 56.1 MB.
System memory in use after: 56.2 MB.

Unloading 8 unused Assets to reduce memory usage. Loaded Objects now: 2409.
Total: 2.699100 ms (FindLiveObjects: 0.430100 ms CreateObjectMapping: 0.059800 ms MarkObjects: 2.190000 ms  DeleteObjects: 0.017800 ms)

========================================================================
Received Prepare
Reloading mono domain
Begin MonoManager ReloadAssembly
Registering precompiled unity dll's ...
Register platform support module: D:/Program Files/2020.2.0b7/Editor/Data/PlaybackEngines/WindowsStandaloneSupport/UnityEditor.WindowsStandalone.Extensions.dll
Registered in 0.001486 seconds.
Symbol file LoadedFromMemory doesn't match image D:\Desktop\pp2020\PP2020\Library\PackageCache\com.unity.ext.nunit@1.0.0\net35\unity-custom\nunit.framework.dll
Native extension for WindowsStandalone target not found
Refreshing native plugins compatible for Editor in 49.77 ms, found 1 plugins.
Preloading 0 native plugins for Editor in 0.00 ms.
Invoked RoslynAnalysisRunner static constructor.
RoslynAnalysisRunner will not be running.
RoslynAnalysisRunner has terminated.
Mono: successfully reloaded assembly
- Completed reload, in  1.922 seconds
Platform modules already initialized, skipping
Registering precompiled user dll's ...
Registered in 0.001306 seconds.
Begin MonoManager ReloadAssembly
Symbol file LoadedFromMemory doesn't match image D:\Desktop\pp2020\PP2020\Library\PackageCache\com.unity.ext.nunit@1.0.0\net35\unity-custom\nunit.framework.dll
Native extension for WindowsStandalone target not found
Refreshing native plugins compatible for Editor in 0.43 ms, found 1 plugins.
Preloading 0 native plugins for Editor in 0.00 ms.
Invoked RoslynAnalysisRunner static constructor.
RoslynAnalysisRunner will not be running.
RoslynAnalysisRunner has terminated.
Mono: successfully reloaded assembly
- Completed reload, in  1.801 seconds
Platform modules already initialized, skipping
Refreshing native plugins compatible for Editor in 0.47 ms, found 1 plugins.
Preloading 0 native plugins for Editor in 0.00 ms.
Unloading 10 Unused Serialized files (Serialized files now loaded: 0)
System memory in use before: 56.0 MB.
System memory in use after: 56.1 MB.

Unloading 8 unused Assets to reduce memory usage. Loaded Objects now: 2413.
Total: 2.626200 ms (FindLiveObjects: 0.442400 ms CreateObjectMapping: 0.063000 ms MarkObjects: 2.098600 ms  DeleteObjects: 0.020800 ms)

========================================================================
Received Import Request.
  Time since last request: 168.175472 seconds.
  path: Assets/Scenes/GameScene.unity
  artifactKey: Guid(2cda990e2423bbf4892e6590ba056729) Importer(815301076,1909f56bfc062723c751e8b465ee728b)
Start importing Assets/Scenes/GameScene.unity using Guid(2cda990e2423bbf4892e6590ba056729) Importer(815301076,1909f56bfc062723c751e8b465ee728b)  -> (artifact id: '47d91278004082e375ecf9310ee40fb1') in 0.010726 seconds
  Import took 0.015029 seconds .

========================================================================
Received Prepare
Refreshing native plugins compatible for Editor in 2.46 ms, found 1 plugins.
Preloading 0 native plugins for Editor in 0.00 ms.
Unloading 6 Unused Serialized files (Serialized files now loaded: 0)
System memory in use before: 55.9 MB.
System memory in use after: 56.0 MB.

Unloading 5 unused Assets to reduce memory usage. Loaded Objects now: 2413.
Total: 3.867000 ms (FindLiveObjects: 0.494400 ms CreateObjectMapping: 0.061600 ms MarkObjects: 3.290500 ms  DeleteObjects: 0.018500 ms)

========================================================================
Received Import Request.
  Time since last request: 187.251000 seconds.
  path: Assets/Scenes/TutorialScene.unity
  artifactKey: Guid(74493f0fcc606f045b392fab138b74b4) Importer(815301076,1909f56bfc062723c751e8b465ee728b)
Start importing Assets/Scenes/TutorialScene.unity using Guid(74493f0fcc606f045b392fab138b74b4) Importer(815301076,1909f56bfc062723c751e8b465ee728b)  -> (artifact id: '2d2891292966cd5af064ac0ba1efeb42') in 0.006237 seconds
  Import took 0.019680 seconds .

========================================================================
Received Prepare
Refreshing native plugins compatible for Editor in 2.32 ms, found 1 plugins.
Preloading 0 native plugins for Editor in 0.00 ms.
Unloading 6 Unused Serialized files (Serialized files now loaded: 0)
System memory in use before: 55.7 MB.
System memory in use after: 55.8 MB.

Unloading 5 unused Assets to reduce memory usage. Loaded Objects now: 2413.
Total: 3.077300 ms (FindLiveObjects: 0.423300 ms CreateObjectMapping: 0.060200 ms MarkObjects: 2.575800 ms  DeleteObjects: 0.016600 ms)

========================================================================
Received Prepare
Refreshing native plugins compatible for Editor in 2.30 ms, found 1 plugins.
Preloading 0 native plugins for Editor in 0.00 ms.
Unloading 6 Unused Serialized files (Serialized files now loaded: 0)
System memory in use before: 55.9 MB.
System memory in use after: 56.0 MB.

Unloading 5 unused Assets to reduce memory usage. Loaded Objects now: 2413.
Total: 3.995100 ms (FindLiveObjects: 0.471900 ms CreateObjectMapping: 0.063200 ms MarkObjects: 3.435400 ms  DeleteObjects: 0.022700 ms)

========================================================================
Received Import Request.
  Time since last request: 9591.551686 seconds.
  path: Assets/Scenes/MainMenu.unity
  artifactKey: Guid(7918a139277a66f4db3e445693f3f6ee) Importer(815301076,1909f56bfc062723c751e8b465ee728b)
Start importing Assets/Scenes/MainMenu.unity using Guid(7918a139277a66f4db3e445693f3f6ee) Importer(815301076,1909f56bfc062723c751e8b465ee728b)  -> (artifact id: 'a3a82f1fb27994260b7a0cb90b5c0857') in 0.010144 seconds
  Import took 0.016242 seconds .

========================================================================
Received Import Request.
  Time since last request: 107.511684 seconds.
  path: Assets/Scenes/TutorialScene.unity
  artifactKey: Guid(74493f0fcc606f045b392fab138b74b4) Importer(815301076,1909f56bfc062723c751e8b465ee728b)
Start importing Assets/Scenes/TutorialScene.unity using Guid(74493f0fcc606f045b392fab138b74b4) Importer(815301076,1909f56bfc062723c751e8b465ee728b)  -> (artifact id: 'ba85e2596f53fa8a3f21d7f3f47b98a8') in 0.004261 seconds
  Import took 0.009818 seconds .

========================================================================
Received Import Request.
  Time since last request: 45.231616 seconds.
  path: Assets/Scenes/TutorialScene.unity
  artifactKey: Guid(74493f0fcc606f045b392fab138b74b4) Importer(815301076,1909f56bfc062723c751e8b465ee728b)
Start importing Assets/Scenes/TutorialScene.unity using Guid(74493f0fcc606f045b392fab138b74b4) Importer(815301076,1909f56bfc062723c751e8b465ee728b)  -> (artifact id: '4750fd88b1900c9f4f64b7b4e97098a8') in 0.003972 seconds
  Import took 0.009170 seconds .

========================================================================
Received Prepare
Reloading mono domain
Begin MonoManager ReloadAssembly
Registering precompiled unity dll's ...
Register platform support module: D:/Program Files/2020.2.0b7/Editor/Data/PlaybackEngines/WindowsStandaloneSupport/UnityEditor.WindowsStandalone.Extensions.dll
Registered in 0.001486 seconds.
Symbol file LoadedFromMemory doesn't match image D:\Desktop\pp2020\PP2020\Library\PackageCache\com.unity.ext.nunit@1.0.0\net35\unity-custom\nunit.framework.dll
Native extension for WindowsStandalone target not found
Refreshing native plugins compatible for Editor in 49.83 ms, found 1 plugins.
Preloading 0 native plugins for Editor in 0.00 ms.
Invoked RoslynAnalysisRunner static constructor.
RoslynAnalysisRunner will not be running.
RoslynAnalysisRunner has terminated.
Mono: successfully reloaded assembly
- Completed reload, in  2.071 seconds
Platform modules already initialized, skipping
Registering precompiled user dll's ...
Registered in 0.001362 seconds.
Begin MonoManager ReloadAssembly
Symbol file LoadedFromMemory doesn't match image D:\Desktop\pp2020\PP2020\Library\PackageCache\com.unity.ext.nunit@1.0.0\net35\unity-custom\nunit.framework.dll
Native extension for WindowsStandalone target not found
Refreshing native plugins compatible for Editor in 0.46 ms, found 1 plugins.
Preloading 0 native plugins for Editor in 0.00 ms.
Invoked RoslynAnalysisRunner static constructor.
RoslynAnalysisRunner will not be running.
RoslynAnalysisRunner has terminated.
Mono: successfully reloaded assembly
- Completed reload, in  1.858 seconds
Platform modules already initialized, skipping
Refreshing native plugins compatible for Editor in 0.43 ms, found 1 plugins.
Preloading 0 native plugins for Editor in 0.00 ms.
Unloading 10 Unused Serialized files (Serialized files now loaded: 0)
System memory in use before: 56.0 MB.
System memory in use after: 56.1 MB.

Unloading 8 unused Assets to reduce memory usage. Loaded Objects now: 2417.
Total: 2.953100 ms (FindLiveObjects: 0.535200 ms CreateObjectMapping: 0.101500 ms MarkObjects: 2.290600 ms  DeleteObjects: 0.023700 ms)

========================================================================
Received Prepare
Refreshing native plugins compatible for Editor in 2.66 ms, found 1 plugins.
Preloading 0 native plugins for Editor in 0.00 ms.
Unloading 6 Unused Serialized files (Serialized files now loaded: 0)
System memory in use before: 55.9 MB.
System memory in use after: 56.0 MB.

Unloading 5 unused Assets to reduce memory usage. Loaded Objects now: 2417.
Total: 2.811100 ms (FindLiveObjects: 0.427400 ms CreateObjectMapping: 0.060100 ms MarkObjects: 2.302700 ms  DeleteObjects: 0.019100 ms)

========================================================================
Received Prepare
Refreshing native plugins compatible for Editor in 2.17 ms, found 1 plugins.
Preloading 0 native plugins for Editor in 0.00 ms.
Unloading 6 Unused Serialized files (Serialized files now loaded: 0)
System memory in use before: 55.7 MB.
System memory in use after: 55.9 MB.

Unloading 5 unused Assets to reduce memory usage. Loaded Objects now: 2417.
Total: 2.602600 ms (FindLiveObjects: 0.429300 ms CreateObjectMapping: 0.065200 ms MarkObjects: 2.090100 ms  DeleteObjects: 0.016500 ms)

AssetImportWorkerClient::OnTransportError - code=2 error=End of file
